<?xml version="1.0" encoding="UTF-8"?>
<!-- Generated by org.testng.reporters.JUnitXMLReporter -->
<testsuite hostname="DESKTOP-PNUR9II" ignored="4" name="Verify Login With Blank Password" tests="1" failures="0" timestamp="2020-12-08T09:05:06 AEDT" time="24.045" errors="0">
  <testcase name="VerifyLoginWithBlankPassword" time="14.308" classname="com.sample.google.Login.verifications.LoginIndex"/>
  <testcase name="VerifyValidLogin" time="0.0" classname="com.sample.google.Login.verifications.LoginIndex">
    <ignored/>
  </testcase> <!-- VerifyValidLogin -->
  <testcase name="VerifyLoginWithInvalidPassword" time="0.0" classname="com.sample.google.Login.verifications.LoginIndex">
    <ignored/>
  </testcase> <!-- VerifyLoginWithInvalidPassword -->
  <testcase name="VerifyLoginWithInvalidEmail" time="0.0" classname="com.sample.google.Login.verifications.LoginIndex">
    <ignored/>
  </testcase> <!-- VerifyLoginWithInvalidEmail -->
  <testcase name="VerifyLoginWithBlankEmail" time="0.0" classname="com.sample.google.Login.verifications.LoginIndex">
    <ignored/>
  </testcase> <!-- VerifyLoginWithBlankEmail -->
</testsuite> <!-- Verify Login With Blank Password -->
