<?xml version="1.0" encoding="UTF-8"?>
<!-- Generated by org.testng.reporters.JUnitXMLReporter -->
<testsuite hostname="DESKTOP-PNUR9II" ignored="4" name="Verify Login with Invalid Email Id" tests="1" failures="0" timestamp="2020-12-08T09:06:11 AEDT" time="20.357" errors="0">
  <testcase name="VerifyLoginWithInvalidEmail" time="11.377" classname="com.sample.google.Login.verifications.LoginIndex"/>
  <testcase name="VerifyLoginWithBlankPassword" time="0.0" classname="com.sample.google.Login.verifications.LoginIndex">
    <ignored/>
  </testcase> <!-- VerifyLoginWithBlankPassword -->
  <testcase name="VerifyValidLogin" time="0.0" classname="com.sample.google.Login.verifications.LoginIndex">
    <ignored/>
  </testcase> <!-- VerifyValidLogin -->
  <testcase name="VerifyLoginWithInvalidPassword" time="0.0" classname="com.sample.google.Login.verifications.LoginIndex">
    <ignored/>
  </testcase> <!-- VerifyLoginWithInvalidPassword -->
  <testcase name="VerifyLoginWithBlankEmail" time="0.0" classname="com.sample.google.Login.verifications.LoginIndex">
    <ignored/>
  </testcase> <!-- VerifyLoginWithBlankEmail -->
</testsuite> <!-- Verify Login with Invalid Email Id -->
