<?xml version="1.0" encoding="UTF-8"?>
<!-- Generated by org.testng.reporters.JUnitXMLReporter -->
<testsuite hostname="DESKTOP-PNUR9II" ignored="4" name="Verify Valid Login" tests="1" failures="0" timestamp="2020-12-08T09:05:51 AEDT" time="44.65" errors="0">
  <testcase name="VerifyValidLogin" time="34.219" classname="com.sample.google.Login.verifications.LoginIndex"/>
  <testcase name="VerifyLoginWithBlankPassword" time="0.0" classname="com.sample.google.Login.verifications.LoginIndex">
    <ignored/>
  </testcase> <!-- VerifyLoginWithBlankPassword -->
  <testcase name="VerifyLoginWithInvalidPassword" time="0.0" classname="com.sample.google.Login.verifications.LoginIndex">
    <ignored/>
  </testcase> <!-- VerifyLoginWithInvalidPassword -->
  <testcase name="VerifyLoginWithInvalidEmail" time="0.0" classname="com.sample.google.Login.verifications.LoginIndex">
    <ignored/>
  </testcase> <!-- VerifyLoginWithInvalidEmail -->
  <testcase name="VerifyLoginWithBlankEmail" time="0.0" classname="com.sample.google.Login.verifications.LoginIndex">
    <ignored/>
  </testcase> <!-- VerifyLoginWithBlankEmail -->
</testsuite> <!-- Verify Valid Login -->
